<?xml version="1.0" encoding="UTF-8"?>
<!-- Generated by org.testng.reporters.JUnitXMLReporter -->
<testsuite ignored="0" hostname="DESKTOP-04KD4QI" failures="0" tests="4" name="ChromeTest" time="14.51" errors="0" timestamp="2024-05-10T08:59:20 IST">
  <testcase classname="org.test.Test2" name="loginPage" time="0.801"/>
  <testcase classname="org.test.Test2" name="OrderImportPage" time="2.192"/>
  <testcase classname="org.test.Test2" name="ImportFile" time="2.472"/>
  <testcase classname="org.test.Test2" name="loginPage1" time="1.125"/>
</testsuite> <!-- ChromeTest -->
