<?xml version="1.0" encoding="UTF-8"?>
<!-- Generated by org.testng.reporters.JUnitXMLReporter -->
<testsuite ignored="0" hostname="DESKTOP-04KD4QI" failures="0" tests="4" name="firefoxTest" time="13.438" errors="0" timestamp="2024-05-10T08:59:33 IST">
  <testcase classname="org.test.Test2" name="loginPage" time="0.862"/>
  <testcase classname="org.test.Test2" name="OrderImportPage" time="1.456"/>
  <testcase classname="org.test.Test2" name="ImportFile" time="2.354"/>
  <testcase classname="org.test.Test2" name="loginPage1" time="1.892"/>
</testsuite> <!-- firefoxTest -->
