<?xml version="1.0" encoding="UTF-8"?>
<!-- Generated by org.testng.reporters.JUnitXMLReporter -->
<testsuite ignored="0" hostname="DESKTOP-04KD4QI" failures="0" tests="5" name="ChromeTest" time="76.961" errors="0" timestamp="2024-05-10T09:27:36 IST">
  <testcase classname="org.test.Test1" name="tc1" time="17.397"/>
  <testcase classname="org.test.Test1" name="tc2" time="15.559"/>
  <testcase classname="org.test.Test1" name="tc3" time="12.536"/>
  <testcase classname="org.test.Test1" name="tc4" time="13.519"/>
  <testcase classname="org.test.Test1" name="tc5" time="12.412"/>
</testsuite> <!-- ChromeTest -->
