<?xml version="1.0" encoding="UTF-8"?>
<!-- Generated by org.testng.reporters.JUnitXMLReporter -->
<testsuite ignored="0" hostname="DESKTOP-04KD4QI" failures="0" tests="5" name="firefoxTest" time="72.475" errors="0" timestamp="2024-05-10T09:28:49 IST">
  <testcase classname="org.test.Test1" name="tc1" time="17.402"/>
  <testcase classname="org.test.Test1" name="tc2" time="14.694"/>
  <testcase classname="org.test.Test1" name="tc3" time="11.119"/>
  <testcase classname="org.test.Test1" name="tc4" time="10.783"/>
  <testcase classname="org.test.Test1" name="tc5" time="12.359"/>
</testsuite> <!-- firefoxTest -->
