<?xml version="1.0" encoding="UTF-8"?>
<testng-results ignored="0" total="10" passed="10" failed="0" skipped="0">
  <reporter-output>
  </reporter-output>
  <suite started-at="2024-05-10T09:26:19 IST" name="Suite1" finished-at="2024-05-10T09:28:49 IST" duration-ms="149461">
    <groups>
    </groups>
    <test started-at="2024-05-10T09:26:19 IST" name="ChromeTest" finished-at="2024-05-10T09:27:36 IST" duration-ms="76961">
      <class name="org.test.Test1">
        <test-method is-config="true" signature="LaunchBrowser(java.lang.String)[pri:0, instance:org.test.Test1@3cd3e762]" started-at="2024-05-10T09:26:19 IST" name="LaunchBrowser" finished-at="2024-05-10T09:26:25 IST" duration-ms="5354" status="PASS">
          <params>
            <param index="0">
              <value>
                <![CDATA[chrome]]>
              </value>
            </param>
          </params>
          <reporter-output>
          </reporter-output>
        </test-method> <!-- LaunchBrowser -->
        <test-method signature="tc1(java.lang.String)[pri:1, instance:org.test.Test1@3cd3e762]" started-at="2024-05-10T09:26:25 IST" name="tc1" finished-at="2024-05-10T09:26:42 IST" duration-ms="17397" status="PASS">
          <params>
            <param index="0">
              <value>
                <![CDATA[chrome]]>
              </value>
            </param>
          </params>
          <reporter-output>
          </reporter-output>
        </test-method> <!-- tc1 -->
        <test-method signature="tc2(java.lang.String)[pri:2, instance:org.test.Test1@3cd3e762]" started-at="2024-05-10T09:26:42 IST" name="tc2" finished-at="2024-05-10T09:26:58 IST" duration-ms="15559" status="PASS">
          <params>
            <param index="0">
              <value>
                <![CDATA[chrome]]>
              </value>
            </param>
          </params>
          <reporter-output>
          </reporter-output>
        </test-method> <!-- tc2 -->
        <test-method signature="tc3(java.lang.String)[pri:3, instance:org.test.Test1@3cd3e762]" started-at="2024-05-10T09:26:58 IST" name="tc3" finished-at="2024-05-10T09:27:10 IST" duration-ms="12536" status="PASS">
          <params>
            <param index="0">
              <value>
                <![CDATA[chrome]]>
              </value>
            </param>
          </params>
          <reporter-output>
          </reporter-output>
        </test-method> <!-- tc3 -->
        <test-method signature="tc4(java.lang.String)[pri:4, instance:org.test.Test1@3cd3e762]" started-at="2024-05-10T09:27:10 IST" name="tc4" finished-at="2024-05-10T09:27:24 IST" duration-ms="13519" status="PASS">
          <params>
            <param index="0">
              <value>
                <![CDATA[chrome]]>
              </value>
            </param>
          </params>
          <reporter-output>
          </reporter-output>
        </test-method> <!-- tc4 -->
        <test-method signature="tc5(java.lang.String)[pri:5, instance:org.test.Test1@3cd3e762]" started-at="2024-05-10T09:27:24 IST" name="tc5" finished-at="2024-05-10T09:27:36 IST" duration-ms="12412" status="PASS">
          <params>
            <param index="0">
              <value>
                <![CDATA[chrome]]>
              </value>
            </param>
          </params>
          <reporter-output>
          </reporter-output>
        </test-method> <!-- tc5 -->
      </class> <!-- org.test.Test1 -->
    </test> <!-- ChromeTest -->
    <test started-at="2024-05-10T09:27:36 IST" name="firefoxTest" finished-at="2024-05-10T09:28:49 IST" duration-ms="72475">
      <class name="org.test.Test1">
        <test-method is-config="true" signature="LaunchBrowser(java.lang.String)[pri:0, instance:org.test.Test1@2002fc1d]" started-at="2024-05-10T09:27:36 IST" name="LaunchBrowser" finished-at="2024-05-10T09:27:43 IST" duration-ms="6060" status="PASS">
          <params>
            <param index="0">
              <value>
                <![CDATA[firefox]]>
              </value>
            </param>
          </params>
          <reporter-output>
          </reporter-output>
        </test-method> <!-- LaunchBrowser -->
        <test-method signature="tc1(java.lang.String)[pri:1, instance:org.test.Test1@2002fc1d]" started-at="2024-05-10T09:27:43 IST" name="tc1" finished-at="2024-05-10T09:28:00 IST" duration-ms="17402" status="PASS">
          <params>
            <param index="0">
              <value>
                <![CDATA[firefox]]>
              </value>
            </param>
          </params>
          <reporter-output>
          </reporter-output>
        </test-method> <!-- tc1 -->
        <test-method signature="tc2(java.lang.String)[pri:2, instance:org.test.Test1@2002fc1d]" started-at="2024-05-10T09:28:00 IST" name="tc2" finished-at="2024-05-10T09:28:15 IST" duration-ms="14694" status="PASS">
          <params>
            <param index="0">
              <value>
                <![CDATA[firefox]]>
              </value>
            </param>
          </params>
          <reporter-output>
          </reporter-output>
        </test-method> <!-- tc2 -->
        <test-method signature="tc3(java.lang.String)[pri:3, instance:org.test.Test1@2002fc1d]" started-at="2024-05-10T09:28:15 IST" name="tc3" finished-at="2024-05-10T09:28:26 IST" duration-ms="11119" status="PASS">
          <params>
            <param index="0">
              <value>
                <![CDATA[firefox]]>
              </value>
            </param>
          </params>
          <reporter-output>
          </reporter-output>
        </test-method> <!-- tc3 -->
        <test-method signature="tc4(java.lang.String)[pri:4, instance:org.test.Test1@2002fc1d]" started-at="2024-05-10T09:28:26 IST" name="tc4" finished-at="2024-05-10T09:28:37 IST" duration-ms="10783" status="PASS">
          <params>
            <param index="0">
              <value>
                <![CDATA[firefox]]>
              </value>
            </param>
          </params>
          <reporter-output>
          </reporter-output>
        </test-method> <!-- tc4 -->
        <test-method signature="tc5(java.lang.String)[pri:5, instance:org.test.Test1@2002fc1d]" started-at="2024-05-10T09:28:37 IST" name="tc5" finished-at="2024-05-10T09:28:49 IST" duration-ms="12359" status="PASS">
          <params>
            <param index="0">
              <value>
                <![CDATA[firefox]]>
              </value>
            </param>
          </params>
          <reporter-output>
          </reporter-output>
        </test-method> <!-- tc5 -->
      </class> <!-- org.test.Test1 -->
    </test> <!-- firefoxTest -->
  </suite> <!-- Suite1 -->
</testng-results>
